[ 2015-07-27T23:05:44+08:00 ] /?debug=browser 
  SQL:  RunTime:0.000276s SQL = SELECT * FROM `ts_app` WHERE app_id=3 LIMIT 1 
[ 2015-07-27T23:05:44+08:00 ] /?debug=browser 
  SQL:  RunTime:0.000231s SQL = SELECT `app_id` FROM `ts_app` WHERE ( `status` = 1 ) AND ( `add_front_top` = 1 ) ORDER BY app_id DESC
[ 2015-07-27T23:05:44+08:00 ] /?debug=browser 
  SQL:  RunTime:0.000237s SQL = SELECT * FROM `ts_login` WHERE uid='' AND type='sina' LIMIT 1 
[ 2015-07-27T23:05:44+08:00 ] /?debug=browser 
  SQL:  RunTime:0.000213s SQL = SELECT a.app_id FROM ts_user_app AS a LEFT JOIN ts_app AS b ON a.app_id = b.app_id WHERE ( a.uid = 0 ) AND ( a.inweb = 1 ) AND ( b.status = 1 ) ORDER BY a.display_order ASC
[ 2015-07-27T23:05:44+08:00 ] /?debug=browser 
  SQL:  RunTime:0.000191s SQL = SELECT * FROM `ts_user_data` WHERE ( `uid` = 0 )
[ 2015-07-27T23:05:44+08:00 ] /?debug=browser 
  SQL:  RunTime:0.000222s SQL = SELECT count(1) as count FROM `ts_user_official` AS o LEFT JOIN `ts_user` AS u ON u.uid = o.uid WHERE ( u.is_init = 1 ) AND ( u.is_del = 0 ) LIMIT 1 
[ 2015-07-27T23:05:44+08:00 ] /?debug=browser 
  SQL:  RunTime:0.000414s SQL = SELECT * FROM `ts_user_official` AS o LEFT JOIN `ts_user` AS u ON u.uid = o.uid WHERE ( u.is_init = 1 ) AND ( u.is_del = 0 ) ORDER BY u.uid DESC LIMIT 0,4 
[ 2015-07-27T23:05:44+08:00 ] /?debug=browser 
  SQL:  RunTime:0.000169s SQL = select b.* from ts_medal_user a inner join ts_medal b on a.medal_id=b.id where a.uid=4 order by a.ctime desc
[ 2015-07-27T23:05:44+08:00 ] /?debug=browser 
  SQL:  RunTime:0.000182s SQL = SELECT * FROM `ts_user_group` WHERE ( `user_group_id` IN (3) )
[ 2015-07-27T23:05:44+08:00 ] /?debug=browser 
  SQL:  RunTime:0.000206s SQL = SELECT count(1) as count FROM `ts_weiba_post` WHERE post_uid=4 and is_del=0 and post_type=1 LIMIT 1 
[ 2015-07-27T23:05:44+08:00 ] /?debug=browser 
  SQL:  RunTime:0.000167s SQL = SELECT count(1) as count FROM `ts_weiba_post` WHERE post_uid=4 and is_del!=1 and post_type=2 LIMIT 1 
[ 2015-07-27T23:05:44+08:00 ] /?debug=browser 
  SQL:  RunTime:0.000157s SQL = SELECT count(1) as count FROM `ts_weiba_reply` WHERE is_del=0 and uid=4 LIMIT 1 
[ 2015-07-27T23:05:44+08:00 ] /?debug=browser 
  SQL:  RunTime:0.000151s SQL = SELECT count(1) as count FROM `ts_weiba_favorite` WHERE uid=4 LIMIT 1 
[ 2015-07-27T23:05:44+08:00 ] /?debug=browser 
  SQL:  RunTime:0.000152s SQL = SELECT count(1) as count FROM `ts_weiba_follow` WHERE follower_uid=4 LIMIT 1 
[ 2015-07-27T23:05:44+08:00 ] /?debug=browser 
  SQL:  RunTime:0.000166s SQL = SELECT * FROM `ts_weiba_follow` WHERE follower_uid=4
[ 2015-07-27T23:05:44+08:00 ] /?debug=browser 
  SQL:  RunTime:0.000086s SQL = SELECT weiba_id, weiba_name, logo FROM `ts_weiba` WHERE ( `weiba_id` IN () ) AND ( `is_del` = 0 )
[ 2015-07-27T23:05:44+08:00 ] /?debug=browser 
  SQL:  RunTime:0.000152s SQL = select b.* from ts_medal_user a inner join ts_medal b on a.medal_id=b.id where a.uid=2 order by a.ctime desc
[ 2015-07-27T23:05:44+08:00 ] /?debug=browser 
  SQL:  RunTime:0.000192s SQL = SELECT count(1) as count FROM `ts_weiba_post` WHERE post_uid=2 and is_del=0 and post_type=1 LIMIT 1 
[ 2015-07-27T23:05:44+08:00 ] /?debug=browser 
  SQL:  RunTime:0.000164s SQL = SELECT count(1) as count FROM `ts_weiba_post` WHERE post_uid=2 and is_del!=1 and post_type=2 LIMIT 1 
[ 2015-07-27T23:05:44+08:00 ] /?debug=browser 
  SQL:  RunTime:0.000178s SQL = SELECT count(1) as count FROM `ts_weiba_reply` WHERE is_del=0 and uid=2 LIMIT 1 
[ 2015-07-27T23:05:44+08:00 ] /?debug=browser 
  SQL:  RunTime:0.000133s SQL = SELECT count(1) as count FROM `ts_weiba_favorite` WHERE uid=2 LIMIT 1 
[ 2015-07-27T23:05:44+08:00 ] /?debug=browser 
  SQL:  RunTime:0.000182s SQL = SELECT count(1) as count FROM `ts_weiba_follow` WHERE follower_uid=2 LIMIT 1 
[ 2015-07-27T23:05:44+08:00 ] /?debug=browser 
  SQL:  RunTime:0.000140s SQL = SELECT * FROM `ts_weiba_follow` WHERE follower_uid=2
[ 2015-07-27T23:05:44+08:00 ] /?debug=browser 
  SQL:  RunTime:0.000076s SQL = SELECT weiba_id, weiba_name, logo FROM `ts_weiba` WHERE ( `weiba_id` IN () ) AND ( `is_del` = 0 )
[ 2015-07-27T23:05:44+08:00 ] /?debug=browser 
  SQL:  RunTime:0.000220s SQL = SELECT uid,value FROM `ts_user_data` WHERE ( `uid` IN (4,2) ) AND ( `key` = 'follower_count' )
[ 2015-07-27T23:05:44+08:00 ] /?debug=browser 
  SQL:  RunTime:0.000195s SQL = SELECT * FROM `ts_user_follow` WHERE  ( uid = '0' AND fid IN(4,2) ) OR ( uid IN(4,2) and fid = '0')
[ 2015-07-27T23:05:44+08:00 ] /?debug=browser 
  SQL:  RunTime:0.000174s SQL = SELECT * FROM ts_online_stats WHERE day ='2015-07-27'
[ 2015-07-27T23:05:44+08:00 ] /?debug=browser 
  SQL:  RunTime:0.000201s SQL = UPDATE `ts_schedule` SET `last_run_time`='2015-07-27 23:05:00' WHERE ( `id` = '3' )
